<?xml version="1.0" encoding="UTF-8"?>
<testsuite xmlns:xsi="http://www.w3.org/2001/XMLSchema-instance" xsi:noNamespaceSchemaLocation="https://maven.apache.org/surefire/maven-surefire-plugin/xsd/surefire-test-report-3.0.xsd" version="3.0" name="io.nerdbyteslns.companyms.CompanymsApplicationTests" time="3.475" tests="1" errors="0" skipped="0" failures="0">
  <properties>
[...]
</properties>
  <testcase name="contextLoads" classname="io.nerdbyteslns.companyms.CompanymsApplicationTests" time="0.293">
    <system-out><![CDATA[22:09:12.816 [main] INFO org.springframework.test.context.support.AnnotationConfigContextLoaderUtils -- Could not detect default configuration classes for test class [io.nerdbyteslns.companyms.CompanymsApplicationTests]: CompanymsApplicationTests does not declare any static, non-private, non-final, nested classes annotated with @Configuration.
22:09:12.864 [main] INFO org.springframework.boot.test.context.SpringBootTestContextBootstrapper -- Found @SpringBootConfiguration io.nerdbyteslns.companyms.CompanymsApplication for test class io.nerdbyteslns.companyms.CompanymsApplicationTests

  .   ____          _            __ _ _
 /\\ / ___'_ __ _ _(_)_ __  __ _ \ \ \ \
( ( )\___ | '_ | '_| | '_ \/ _` | \ \ \ \
 \\/  ___)| |_)| | | | | || (_| |  ) ) ) )
  '  |____| .__|_| |_|_| |_\__, | / / / /
 =========|_|==============|___/=/_/_/_/

 :: Spring Boot ::                (v3.3.2)

2024-09-06T22:09:13.051Z  INFO 28714 --- [company-microservice] [           main] [                                                 ] i.n.companyms.CompanymsApplicationTests  : Starting CompanymsApplicationTests using Java 21.0.1 with PID 28714 (started by matthew in /Users/matthew/matthew/Code/spring_n_spring_boot/microservice-rabbitMQ-docker/companyms)
2024-09-06T22:09:13.052Z  INFO 28714 --- [company-microservice] [           main] [                                                 ] i.n.companyms.CompanymsApplicationTests  : No active profile set, falling back to 1 default profile: "default"
2024-09-06T22:09:13.553Z  INFO 28714 --- [company-microservice] [           main] [                                                 ] .s.d.r.c.RepositoryConfigurationDelegate : Bootstrapping Spring Data JPA repositories in DEFAULT mode.
2024-09-06T22:09:13.612Z  INFO 28714 --- [company-microservice] [           main] [                                                 ] .s.d.r.c.RepositoryConfigurationDelegate : Finished Spring Data repository scanning in 56 ms. Found 1 JPA repository interface.
2024-09-06T22:09:13.736Z  INFO 28714 --- [company-microservice] [           main] [                                                 ] o.s.cloud.context.scope.GenericScope     : BeanFactory id=b148b22c-ad37-324c-8354-86c0da3c0347
2024-09-06T22:09:13.887Z  WARN 28714 --- [company-microservice] [           main] [                                                 ] trationDelegate$BeanPostProcessorChecker : Bean 'org.springframework.cloud.client.loadbalancer.LoadBalancerAutoConfiguration$DeferringLoadBalancerInterceptorConfig' of type [org.springframework.cloud.client.loadbalancer.LoadBalancerAutoConfiguration$DeferringLoadBalancerInterceptorConfig] is not eligible for getting processed by all BeanPostProcessors (for example: not eligible for auto-proxying). The currently created BeanPostProcessor [lbRestClientPostProcessor] is declared through a non-static factory method on that class; consider declaring it as static instead.
2024-09-06T22:09:13.889Z  WARN 28714 --- [company-microservice] [           main] [                                                 ] trationDelegate$BeanPostProcessorChecker : Bean 'deferringLoadBalancerInterceptor' of type [org.springframework.cloud.client.loadbalancer.DeferringLoadBalancerInterceptor] is not eligible for getting processed by all BeanPostProcessors (for example: not eligible for auto-proxying). Is this bean getting eagerly injected into a currently created BeanPostProcessor [lbRestClientPostProcessor]? Check the corresponding BeanPostProcessor declaration and its dependencies.
2024-09-06T22:09:13.970Z  INFO 28714 --- [company-microservice] [           main] [                                                 ] o.hibernate.jpa.internal.util.LogHelper  : HHH000204: Processing PersistenceUnitInfo [name: default]
2024-09-06T22:09:13.996Z  INFO 28714 --- [company-microservice] [           main] [                                                 ] org.hibernate.Version                    : HHH000412: Hibernate ORM core version 6.5.2.Final
2024-09-06T22:09:14.010Z  INFO 28714 --- [company-microservice] [           main] [                                                 ] o.h.c.internal.RegionFactoryInitiator    : HHH000026: Second-level cache disabled
2024-09-06T22:09:14.129Z  INFO 28714 --- [company-microservice] [           main] [                                                 ] o.s.o.j.p.SpringPersistenceUnitInfo      : No LoadTimeWeaver setup: ignoring JPA class transformer
2024-09-06T22:09:14.142Z  INFO 28714 --- [company-microservice] [           main] [                                                 ] com.zaxxer.hikari.HikariDataSource       : HikariPool-1 - Starting...
2024-09-06T22:09:14.254Z  INFO 28714 --- [company-microservice] [           main] [                                                 ] com.zaxxer.hikari.pool.HikariPool        : HikariPool-1 - Added connection org.postgresql.jdbc.PgConnection@34647f58
2024-09-06T22:09:14.255Z  INFO 28714 --- [company-microservice] [           main] [                                                 ] com.zaxxer.hikari.HikariDataSource       : HikariPool-1 - Start completed.
2024-09-06T22:09:14.274Z  WARN 28714 --- [company-microservice] [           main] [                                                 ] org.hibernate.orm.deprecation            : HHH90000025: PostgreSQLDialect does not need to be specified explicitly using 'hibernate.dialect' (remove the property setting and it will be selected by default)
2024-09-06T22:09:14.605Z  INFO 28714 --- [company-microservice] [           main] [                                                 ] o.h.e.t.j.p.i.JtaPlatformInitiator       : HHH000489: No JTA platform available (set 'hibernate.transaction.jta.platform' to enable JTA platform integration)
2024-09-06T22:09:14.632Z  INFO 28714 --- [company-microservice] [           main] [                                                 ] j.LocalContainerEntityManagerFactoryBean : Initialized JPA EntityManagerFactory for persistence unit 'default'
2024-09-06T22:09:14.918Z  WARN 28714 --- [company-microservice] [           main] [                                                 ] JpaBaseConfiguration$JpaWebConfiguration : spring.jpa.open-in-view is enabled by default. Therefore, database queries may be performed during view rendering. Explicitly configure spring.jpa.open-in-view to disable this warning
2024-09-06T22:09:15.637Z  INFO 28714 --- [company-microservice] [           main] [                                                 ] DiscoveryClientOptionalArgsConfiguration : Eureka HTTP Client uses RestTemplate.
2024-09-06T22:09:15.653Z  WARN 28714 --- [company-microservice] [           main] [                                                 ] iguration$LoadBalancerCaffeineWarnLogger : Spring Cloud LoadBalancer is currently working with the default cache. While this cache implementation is useful for development and tests, it's recommended to use Caffeine cache in production.You can switch to using Caffeine cache, by adding it and org.springframework.cache.caffeine.CaffeineCacheManager to the classpath.
2024-09-06T22:09:15.661Z  INFO 28714 --- [company-microservice] [           main] [                                                 ] o.s.b.a.e.web.EndpointLinksResolver      : Exposing 2 endpoints beneath base path '/actuator'
2024-09-06T22:09:15.700Z  INFO 28714 --- [company-microservice] [           main] [                                                 ] o.s.c.n.eureka.InstanceInfoFactory       : Setting initial instance status as: STARTING
2024-09-06T22:09:15.711Z  INFO 28714 --- [company-microservice] [           main] [                                                 ] com.netflix.discovery.DiscoveryClient    : Initializing Eureka in region us-east-1
2024-09-06T22:09:15.713Z  INFO 28714 --- [company-microservice] [           main] [                                                 ] c.n.d.s.r.aws.ConfigClusterResolver      : Resolving eureka endpoints via configuration
2024-09-06T22:09:15.716Z  INFO 28714 --- [company-microservice] [           main] [                                                 ] com.netflix.discovery.DiscoveryClient    : Disable delta property : false
2024-09-06T22:09:15.716Z  INFO 28714 --- [company-microservice] [           main] [                                                 ] com.netflix.discovery.DiscoveryClient    : Single vip registry refresh property : null
2024-09-06T22:09:15.716Z  INFO 28714 --- [company-microservice] [           main] [                                                 ] com.netflix.discovery.DiscoveryClient    : Force full registry fetch : false
2024-09-06T22:09:15.716Z  INFO 28714 --- [company-microservice] [           main] [                                                 ] com.netflix.discovery.DiscoveryClient    : Application is null : false
2024-09-06T22:09:15.716Z  INFO 28714 --- [company-microservice] [           main] [                                                 ] com.netflix.discovery.DiscoveryClient    : Registered Applications size is zero : true
2024-09-06T22:09:15.716Z  INFO 28714 --- [company-microservice] [           main] [                                                 ] com.netflix.discovery.DiscoveryClient    : Application version is -1: true
2024-09-06T22:09:15.716Z  INFO 28714 --- [company-microservice] [           main] [                                                 ] com.netflix.discovery.DiscoveryClient    : Getting all instance registry info from the eureka server
2024-09-06T22:09:15.817Z  INFO 28714 --- [company-microservice] [           main] [                                                 ] com.netflix.discovery.DiscoveryClient    : The response status is 200
2024-09-06T22:09:15.818Z  INFO 28714 --- [company-microservice] [           main] [                                                 ] com.netflix.discovery.DiscoveryClient    : Starting heartbeat executor: renew interval is: 30
2024-09-06T22:09:15.818Z  INFO 28714 --- [company-microservice] [           main] [                                                 ] c.n.discovery.InstanceInfoReplicator     : InstanceInfoReplicator onDemand update allowed rate per min is 4
2024-09-06T22:09:15.819Z  INFO 28714 --- [company-microservice] [           main] [                                                 ] com.netflix.discovery.DiscoveryClient    : Discovery Client initialized at timestamp 1725660555819 with initial instances count: 1
2024-09-06T22:09:15.822Z  INFO 28714 --- [company-microservice] [           main] [                                                 ] o.s.c.n.e.s.EurekaServiceRegistry        : Registering application COMPANY-MICROSERVICE with eureka with status UP
2024-09-06T22:09:15.822Z  INFO 28714 --- [company-microservice] [           main] [                                                 ] com.netflix.discovery.DiscoveryClient    : Saw local status change event StatusChangeEvent [timestamp=1725660555822, current=UP, previous=STARTING]
2024-09-06T22:09:15.823Z  INFO 28714 --- [company-microservice] [foReplicator-%d] [                                                 ] com.netflix.discovery.DiscoveryClient    : DiscoveryClient_COMPANY-MICROSERVICE/matthews-mbp:company-microservice:8081: registering service...
2024-09-06T22:09:15.824Z  INFO 28714 --- [company-microservice] [           main] [                                                 ] o.s.a.r.c.CachingConnectionFactory       : Attempting to connect to: [localhost:5672]
2024-09-06T22:09:15.844Z  INFO 28714 --- [company-microservice] [foReplicator-%d] [                                                 ] com.netflix.discovery.DiscoveryClient    : DiscoveryClient_COMPANY-MICROSERVICE/matthews-mbp:company-microservice:8081 - registration status: 204
2024-09-06T22:09:15.846Z  INFO 28714 --- [company-microservice] [           main] [                                                 ] o.s.a.r.c.CachingConnectionFactory       : Created new connection: rabbitConnectionFactory#72090a80:0/SimpleConnection@112e72ea [delegate=amqp://guest@127.0.0.1:5672/, localPort=61516]
2024-09-06T22:09:15.877Z  INFO 28714 --- [company-microservice] [           main] [                                                 ] i.n.companyms.CompanymsApplicationTests  : Started CompanymsApplicationTests in 2.954 seconds (process running for 3.365)
]]></system-out>
    <system-err><![CDATA[WARNING: A Java agent has been loaded dynamically (/Users/matthew/.m2/repository/net/bytebuddy/byte-buddy-agent/1.14.18/byte-buddy-agent-1.14.18.jar)
WARNING: If a serviceability tool is in use, please run with -XX:+EnableDynamicAgentLoading to hide this warning
WARNING: If a serviceability tool is not in use, please run with -Djdk.instrument.traceUsage for more information
WARNING: Dynamic loading of agents will be disallowed by default in a future release
]]></system-err>
  </testcase>
</testsuite>